{
  "stats": {
    "suites": 1,
    "tests": 1,
    "passes": 1,
    "pending": 0,
    "failures": 0,
    "start": "2023-02-20T00:24:33.465Z",
    "end": "2023-02-20T00:25:00.987Z",
    "duration": 27522,
    "testsRegistered": 1,
    "passPercent": 100,
    "pendingPercent": 0,
    "other": 0,
    "hasOther": false,
    "skipped": 0,
    "hasSkipped": false
  },
  "results": [
    {
      "uuid": "0044c2e8-2a26-447f-bc9d-36d6262e6321",
      "title": "",
      "fullFile": "cypress\\integration\\opcion1_automatizacion_e2e.js",
      "file": "cypress\\integration\\opcion1_automatizacion_e2e.js",
      "beforeHooks": [],
      "afterHooks": [],
      "tests": [],
      "suites": [
        {
          "uuid": "5e86333f-7dcb-423f-9ade-baf4919745cc",
          "title": "DB001_D001_TS001: Verificar que el flujo completo de compra de los productos funciona de manera adecuada",
          "fullFile": "",
          "file": "",
          "beforeHooks": [],
          "afterHooks": [],
          "tests": [
            {
              "title": "DB001_D001_TS001_TC001: Verificar que se realiza exitosamente la compra de productos mediante la revisión completa del flujo",
              "fullTitle": "DB001_D001_TS001: Verificar que el flujo completo de compra de los productos funciona de manera adecuada DB001_D001_TS001_TC001: Verificar que se realiza exitosamente la compra de productos mediante la revisión completa del flujo",
              "timedOut": null,
              "duration": 25909,
              "state": "passed",
              "speed": "slow",
              "pass": true,
              "fail": false,
              "pending": false,
              "context": null,
              "code": "cy.viewport(1024, 768);\n// Recover main e2e url that is contempled as a global variable inside the cypress.config.js file\nconst e2eURL = Cypress.env('urlE2E');\ncy.visit(e2eURL);\n// 1) Agregar 2 productos al carrito\nthis.data.productName.forEach(function (element, pageUrl) {\n  cy.selectAddProduct(element, e2eURL);\n  cy.wait(2000);\n});\n// 2) Visualizar el carrito\ncy.get('#cartur').click();\ncy.wait(2000);\n// Check if the row table cart values equals to the total one displayed on screen\nlet sum = 0;\ncy.get('tr td:nth-child(3)').each($ele => {\n  sum = sum + +$ele.text();\n});\ncy.get('h3[id*=\"totalp\"]').invoke('text').then(totalValue => {\n  // Assert exact amounts validation\n  expect(+totalValue).to.equal(sum);\n});\n// 3) Completar el formulario de compra\ncy.get(\"button[class*='btn btn-success']\").contains('Place Order').click();\ncy.wait(2000);\n// Fill form values\ncy.get('.form-group>#name').type(\"Jose Salgado\");\ncy.get(\".form-group>input[id*='country']\").should('be.visible').type(\"Ecuador\");\ncy.get(\".form-group>input[id*='city']\").should('be.visible').type(\"Quito\");\ncy.get(\".form-group>input[id*='card']\").should('be.visible').type(\"1234-5678-9123-4567\");\ncy.get(\".form-group>input[id*='month']\").should('be.visible').type(\"02\");\ncy.get(\".form-group>input[id*='year']\").should('be.visible').type(\"2023\");\n// Submit contact form fulfilled values form\ncy.wait(2000);\n// Click over purchase button to confirm the products acquisition\ncy.get(\"button[class*='btn btn-primary']\").contains('Purchase').click();\ncy.wait(2000);\n// 4) Finalizar la compra\n// Assert purchase confirmation message matches with what it was expected\ncy.get(\"div[class*='sweet-alert']\").then(function (element) {\n  const actualText = element.text();\n  expect(actualText.includes(\"Thank you for your purchase!\")).to.be.true;\n});\n// Click over the details ok confirmation button\ncy.get(\"button[class*='confirm']\").contains('OK').click();",
              "err": {},
              "uuid": "cc63dbad-1783-40f5-9207-a891fadb5aaf",
              "parentUUID": "5e86333f-7dcb-423f-9ade-baf4919745cc",
              "isHook": false,
              "skipped": false
            }
          ],
          "suites": [],
          "passes": [
            "cc63dbad-1783-40f5-9207-a891fadb5aaf"
          ],
          "failures": [],
          "pending": [],
          "skipped": [],
          "duration": 25909,
          "root": false,
          "rootEmpty": false,
          "_timeout": 2000
        }
      ],
      "passes": [],
      "failures": [],
      "pending": [],
      "skipped": [],
      "duration": 0,
      "root": true,
      "rootEmpty": true,
      "_timeout": 2000
    }
  ],
  "meta": {
    "mocha": {
      "version": "7.0.1"
    },
    "mochawesome": {
      "options": {
        "quiet": false,
        "reportFilename": "mochawesome",
        "saveHtml": true,
        "saveJson": true,
        "consoleReporter": "spec",
        "useInlineDiffs": false,
        "code": true
      },
      "version": "7.1.3"
    },
    "marge": {
      "options": null,
      "version": "6.2.0"
    }
  }
}